<?xml version="1.0" encoding="UTF-8"?>
<testsuite name="tech.strategio.TestImplementation" tests="1" skipped="0" failures="0" errors="0" timestamp="2022-12-29T16:41:50" hostname="Ernests-MacBook-Pro.local" time="6.97">
  <properties/>
  <testcase name="verifyGitHubTitle" classname="tech.strategio.TestImplementation" time="6.97"/>
  <system-out><![CDATA[]]></system-out>
  <system-err><![CDATA[545 [Test worker] INFO io.github.bonigarcia.wdm.WebDriverManager - Using chromedriver 108.0.5359.71 (since Google Chrome 108 is installed in your machine)
564 [Test worker] INFO io.github.bonigarcia.wdm.WebDriverManager - Exporting webdriver.chrome.driver as /Users/ernie/.m2/repository/webdriver/chromedriver/mac64/108.0.5359.71/chromedriver
Starting ChromeDriver 108.0.5359.71 (1e0e3868ee06e91ad636a874420e3ca3ae3756ac-refs/branch-heads/5359@{#1016}) on port 30844
Only local connections are allowed.
Please see https://chromedriver.chromium.org/security-considerations for suggestions on keeping ChromeDriver safe.
ChromeDriver was started successfully.
]]></system-err>
</testsuite>
